{"contracts/mocks/VerifiedTokenMock.sol":{"l":{"7":1},"path":"/Users/tikonoff/projects/VerifiedToken/contracts/mocks/VerifiedTokenMock.sol","s":{"1":1},"b":{},"f":{"1":1},"fnMap":{"1":{"name":"giveMeCoins","line":6,"loc":{"start":{"line":6,"column":4},"end":{"line":6,"column":64}}}},"statementMap":{"1":{"start":{"line":7,"column":8},"end":{"line":7,"column":35}}},"branchMap":{}},"contracts/VerifiedToken.sol":{"l":{"23":2,"24":0,"33":0,"34":0},"path":"/Users/tikonoff/projects/VerifiedToken/contracts/VerifiedToken.sol","s":{"1":2,"2":0},"b":{"1":[0,2],"2":[0,0]},"f":{"1":2,"2":0},"fnMap":{"1":{"name":"transferFrom","line":22,"loc":{"start":{"line":22,"column":4},"end":{"line":22,"column":89}}},"2":{"name":"transfer","line":32,"loc":{"start":{"line":32,"column":4},"end":{"line":32,"column":70}}}},"statementMap":{"1":{"start":{"line":23,"column":8},"end":{"line":23,"column":47}},"2":{"start":{"line":33,"column":8},"end":{"line":33,"column":47}}},"branchMap":{"1":{"line":23,"type":"if","locations":[{"start":{"line":23,"column":8},"end":{"line":23,"column":8}},{"start":{"line":23,"column":8},"end":{"line":23,"column":8}}]},"2":{"line":33,"type":"if","locations":[{"start":{"line":33,"column":8},"end":{"line":33,"column":8}},{"start":{"line":33,"column":8},"end":{"line":33,"column":8}}]}}},"contracts/VerifiedTokenController.sol":{"l":{"38":1,"39":1,"47":0,"48":0,"49":0,"51":0,"52":0,"53":0,"54":0,"63":0,"64":0,"65":0,"66":0,"67":0,"69":0,"70":0,"71":0,"72":0,"73":0,"74":0,"76":0,"77":0,"79":0},"path":"/Users/tikonoff/projects/VerifiedToken/contracts/VerifiedTokenController.sol","s":{"1":1,"2":0,"3":0,"4":0,"5":0,"6":0,"7":0,"8":0,"9":0,"10":0,"11":0,"12":0,"13":0,"14":0,"15":0,"16":0,"17":0},"b":{"1":[0,0],"2":[0,0],"3":[0,0],"4":[0,0]},"f":{"1":1,"2":0,"3":0},"fnMap":{"1":{"name":"VerifiedTokenController","line":37,"loc":{"start":{"line":37,"column":4},"end":{"line":37,"column":78}}},"2":{"name":"updateRequiredConfirmations","line":46,"loc":{"start":{"line":46,"column":4},"end":{"line":46,"column":91}}},"3":{"name":"isVerified","line":62,"loc":{"start":{"line":62,"column":4},"end":{"line":62,"column":66}}}},"statementMap":{"1":{"start":{"line":38,"column":8},"end":{"line":38,"column":1045}},"2":{"start":{"line":47,"column":8},"end":{"line":47,"column":41}},"3":{"start":{"line":48,"column":8},"end":{"line":48,"column":46}},"4":{"start":{"line":51,"column":8},"end":{"line":51,"column":1504}},"5":{"start":{"line":52,"column":12},"end":{"line":52,"column":33}},"6":{"start":{"line":53,"column":12},"end":{"line":53,"column":36}},"7":{"start":{"line":55,"column":17},"end":{"line":55,"column":71}},"8":{"start":{"line":66,"column":8},"end":{"line":66,"column":58}},"9":{"start":{"line":69,"column":8},"end":{"line":69,"column":2144}},"10":{"start":{"line":70,"column":12},"end":{"line":70,"column":58}},"11":{"start":{"line":71,"column":12},"end":{"line":71,"column":2270}},"12":{"start":{"line":72,"column":16},"end":{"line":72,"column":51}},"13":{"start":{"line":73,"column":16},"end":{"line":73,"column":2413}},"14":{"start":{"line":76,"column":12},"end":{"line":76,"column":72}},"15":{"start":{"line":77,"column":12},"end":{"line":77,"column":71}},"16":{"start":{"line":77,"column":58},"end":{"line":77,"column":69}},"17":{"start":{"line":79,"column":8},"end":{"line":79,"column":20}}},"branchMap":{"1":{"line":48,"type":"if","locations":[{"start":{"line":48,"column":8},"end":{"line":48,"column":8}},{"start":{"line":48,"column":8},"end":{"line":48,"column":8}}]},"2":{"line":73,"type":"if","locations":[{"start":{"line":73,"column":16},"end":{"line":73,"column":16}},{"start":{"line":73,"column":16},"end":{"line":73,"column":16}}]},"3":{"line":76,"type":"if","locations":[{"start":{"line":76,"column":12},"end":{"line":76,"column":12}},{"start":{"line":76,"column":12},"end":{"line":76,"column":12}}]},"4":{"line":77,"type":"if","locations":[{"start":{"line":77,"column":12},"end":{"line":77,"column":12}},{"start":{"line":77,"column":12},"end":{"line":77,"column":12}}]}}},"contracts/VerifiedTokenRegistry.sol":{"l":{"53":0,"54":0,"55":0,"63":0,"64":0,"72":0,"79":0,"86":0,"87":0},"path":"/Users/tikonoff/projects/VerifiedToken/contracts/VerifiedTokenRegistry.sol","s":{"1":0,"2":0,"3":0,"4":0,"5":0,"6":0,"7":0,"8":0,"9":0},"b":{"1":[0,0]},"f":{"1":0,"2":0,"3":0,"4":0,"5":0},"fnMap":{"1":{"name":"updateRecord","line":52,"loc":{"start":{"line":52,"column":4},"end":{"line":52,"column":89}}},"2":{"name":"deleteRecord","line":62,"loc":{"start":{"line":62,"column":4},"end":{"line":62,"column":59}}},"3":{"name":"findAddress","line":71,"loc":{"start":{"line":71,"column":4},"end":{"line":71,"column":97}}},"4":{"name":"isExist","line":78,"loc":{"start":{"line":78,"column":4},"end":{"line":78,"column":60}}},"5":{"name":"addNewKey","line":85,"loc":{"start":{"line":85,"column":4},"end":{"line":85,"column":41}}}},"statementMap":{"1":{"start":{"line":53,"column":8},"end":{"line":53,"column":39}},"2":{"start":{"line":54,"column":8},"end":{"line":54,"column":1532}},"3":{"start":{"line":55,"column":12},"end":{"line":55,"column":26}},"4":{"start":{"line":56,"column":13},"end":{"line":56,"column":61}},"5":{"start":{"line":63,"column":8},"end":{"line":63,"column":1824}},"6":{"start":{"line":65,"column":13},"end":{"line":65,"column":47}},"7":{"start":{"line":72,"column":8},"end":{"line":72,"column":49}},"8":{"start":{"line":79,"column":8},"end":{"line":79,"column":25}},"9":{"start":{"line":87,"column":8},"end":{"line":87,"column":23}}},"branchMap":{"1":{"line":54,"type":"if","locations":[{"start":{"line":54,"column":8},"end":{"line":54,"column":8}},{"start":{"line":54,"column":8},"end":{"line":54,"column":8}}]}}}}