{"contracts/mocks/VerifiedTokenMock.sol":{"l":{"10":1},"path":"/Users/tikonoff/projects/VerifiedToken/contracts/mocks/VerifiedTokenMock.sol","s":{"1":1},"b":{},"f":{"1":2,"2":1},"fnMap":{"1":{"name":"VerifiedTokenMock","line":7,"loc":{"start":{"line":7,"column":4},"end":{"line":7,"column":92}}},"2":{"name":"giveMeCoins","line":9,"loc":{"start":{"line":9,"column":4},"end":{"line":9,"column":64}}}},"statementMap":{"1":{"start":{"line":10,"column":8},"end":{"line":10,"column":35}}},"branchMap":{}},"contracts/mocks/VerifiedTokenRegistryMock.sol":{"l":{"10":1},"path":"/Users/tikonoff/projects/VerifiedToken/contracts/mocks/VerifiedTokenRegistryMock.sol","s":{"1":1},"b":{},"f":{"1":1},"fnMap":{"1":{"name":"testAddNewKey","line":9,"loc":{"start":{"line":9,"column":4},"end":{"line":9,"column":59}}}},"statementMap":{"1":{"start":{"line":10,"column":8},"end":{"line":10,"column":31}}},"branchMap":{}},"contracts/VerifiedToken.sol":{"l":{"17":3,"26":2,"27":1,"37":2,"38":1},"path":"/Users/tikonoff/projects/VerifiedToken/contracts/VerifiedToken.sol","s":{"1":3,"2":2,"3":2},"b":{"1":[1,1],"2":[1,1]},"f":{"1":3,"2":2,"3":2},"fnMap":{"1":{"name":"VerifiedToken","line":16,"loc":{"start":{"line":16,"column":4},"end":{"line":16,"column":61}}},"2":{"name":"transfer","line":25,"loc":{"start":{"line":25,"column":4},"end":{"line":25,"column":70}}},"3":{"name":"transferFrom","line":36,"loc":{"start":{"line":36,"column":4},"end":{"line":36,"column":89}}}},"statementMap":{"1":{"start":{"line":17,"column":8},"end":{"line":17,"column":61}},"2":{"start":{"line":26,"column":8},"end":{"line":26,"column":47}},"3":{"start":{"line":37,"column":8},"end":{"line":37,"column":47}}},"branchMap":{"1":{"line":26,"type":"if","locations":[{"start":{"line":26,"column":8},"end":{"line":26,"column":8}},{"start":{"line":26,"column":8},"end":{"line":26,"column":8}}]},"2":{"line":37,"type":"if","locations":[{"start":{"line":37,"column":8},"end":{"line":37,"column":8}},{"start":{"line":37,"column":8},"end":{"line":37,"column":8}}]}}},"contracts/VerifiedTokenController.sol":{"l":{"50":3,"51":3,"58":6,"59":7,"60":5,"69":3,"78":3,"79":3,"80":2,"82":2,"83":3,"84":3,"85":3,"94":9,"95":1,"96":8,"97":8,"98":8,"99":8,"100":8,"102":8,"103":8,"104":8,"105":9,"106":9,"107":4,"109":8,"110":8,"112":4,"116":9,"117":9,"118":9},"path":"/Users/tikonoff/projects/VerifiedToken/contracts/VerifiedTokenController.sol","s":{"1":3,"2":3,"3":6,"4":7,"5":4,"6":3,"7":3,"8":3,"9":3,"10":2,"11":3,"12":3,"13":3,"14":9,"15":1,"16":8,"17":8,"18":8,"19":8,"20":9,"21":9,"22":8,"23":8,"24":4,"25":4,"26":9},"b":{"1":[5,2],"2":[2,1],"3":[1,8],"4":[4,5],"5":[4,4],"6":[4,4]},"f":{"1":3,"2":6,"3":3,"4":3,"5":9,"6":9},"fnMap":{"1":{"name":"VerifiedTokenController","line":49,"loc":{"start":{"line":49,"column":4},"end":{"line":49,"column":110}}},"2":{"name":"updateRegistries","line":57,"loc":{"start":{"line":57,"column":4},"end":{"line":57,"column":64}}},"3":{"name":"updateRequiredConfirmations","line":68,"loc":{"start":{"line":68,"column":4},"end":{"line":68,"column":70}}},"4":{"name":"updateRequiredData","line":77,"loc":{"start":{"line":77,"column":4},"end":{"line":77,"column":82}}},"5":{"name":"isVerified","line":93,"loc":{"start":{"line":93,"column":4},"end":{"line":93,"column":66}}},"6":{"name":"isContract","line":115,"loc":{"start":{"line":115,"column":4},"end":{"line":115,"column":62}}}},"statementMap":{"1":{"start":{"line":50,"column":8},"end":{"line":50,"column":53}},"2":{"start":{"line":51,"column":8},"end":{"line":51,"column":36}},"3":{"start":{"line":58,"column":8},"end":{"line":58,"column":1626}},"4":{"start":{"line":59,"column":12},"end":{"line":59,"column":80}},"5":{"start":{"line":62,"column":13},"end":{"line":62,"column":55}},"6":{"start":{"line":69,"column":8},"end":{"line":69,"column":53}},"7":{"start":{"line":70,"column":13},"end":{"line":70,"column":69}},"8":{"start":{"line":78,"column":8},"end":{"line":78,"column":41}},"9":{"start":{"line":79,"column":8},"end":{"line":79,"column":46}},"10":{"start":{"line":82,"column":8},"end":{"line":82,"column":2535}},"11":{"start":{"line":83,"column":12},"end":{"line":83,"column":33}},"12":{"start":{"line":84,"column":12},"end":{"line":84,"column":36}},"13":{"start":{"line":86,"column":17},"end":{"line":86,"column":62}},"14":{"start":{"line":94,"column":8},"end":{"line":94,"column":2979}},"15":{"start":{"line":95,"column":12},"end":{"line":95,"column":23}},"16":{"start":{"line":99,"column":8},"end":{"line":99,"column":58}},"17":{"start":{"line":102,"column":8},"end":{"line":102,"column":3230}},"18":{"start":{"line":103,"column":12},"end":{"line":103,"column":58}},"19":{"start":{"line":104,"column":12},"end":{"line":104,"column":3356}},"20":{"start":{"line":105,"column":16},"end":{"line":105,"column":51}},"21":{"start":{"line":106,"column":16},"end":{"line":106,"column":3499}},"22":{"start":{"line":109,"column":12},"end":{"line":109,"column":72}},"23":{"start":{"line":110,"column":12},"end":{"line":110,"column":71}},"24":{"start":{"line":110,"column":58},"end":{"line":110,"column":69}},"25":{"start":{"line":112,"column":8},"end":{"line":112,"column":20}},"26":{"start":{"line":118,"column":8},"end":{"line":118,"column":23}}},"branchMap":{"1":{"line":59,"type":"if","locations":[{"start":{"line":59,"column":12},"end":{"line":59,"column":12}},{"start":{"line":59,"column":12},"end":{"line":59,"column":12}}]},"2":{"line":79,"type":"if","locations":[{"start":{"line":79,"column":8},"end":{"line":79,"column":8}},{"start":{"line":79,"column":8},"end":{"line":79,"column":8}}]},"3":{"line":94,"type":"if","locations":[{"start":{"line":94,"column":8},"end":{"line":94,"column":8}},{"start":{"line":94,"column":8},"end":{"line":94,"column":8}}]},"4":{"line":106,"type":"if","locations":[{"start":{"line":106,"column":16},"end":{"line":106,"column":16}},{"start":{"line":106,"column":16},"end":{"line":106,"column":16}}]},"5":{"line":109,"type":"if","locations":[{"start":{"line":109,"column":12},"end":{"line":109,"column":12}},{"start":{"line":109,"column":12},"end":{"line":109,"column":12}}]},"6":{"line":110,"type":"if","locations":[{"start":{"line":110,"column":12},"end":{"line":110,"column":12}},{"start":{"line":110,"column":12},"end":{"line":110,"column":12}}]}}},"contracts/VerifiedTokenRegistry.sol":{"l":{"49":5,"50":5,"51":3,"59":1,"60":3,"68":14,"75":11,"82":4,"83":4},"path":"/Users/tikonoff/projects/VerifiedToken/contracts/VerifiedTokenRegistry.sol","s":{"1":5,"2":5,"3":3,"4":5,"5":1,"6":1,"7":14,"8":11,"9":4},"b":{"1":[3,2]},"f":{"1":5,"2":1,"3":14,"4":11,"5":4},"fnMap":{"1":{"name":"updateRecord","line":48,"loc":{"start":{"line":48,"column":4},"end":{"line":48,"column":89}}},"2":{"name":"deleteAddress","line":58,"loc":{"start":{"line":58,"column":4},"end":{"line":58,"column":60}}},"3":{"name":"findAddress","line":67,"loc":{"start":{"line":67,"column":4},"end":{"line":67,"column":97}}},"4":{"name":"isExist","line":74,"loc":{"start":{"line":74,"column":4},"end":{"line":74,"column":58}}},"5":{"name":"addNewKey","line":81,"loc":{"start":{"line":81,"column":4},"end":{"line":81,"column":57}}}},"statementMap":{"1":{"start":{"line":49,"column":8},"end":{"line":49,"column":39}},"2":{"start":{"line":50,"column":8},"end":{"line":50,"column":1465}},"3":{"start":{"line":51,"column":12},"end":{"line":51,"column":26}},"4":{"start":{"line":52,"column":13},"end":{"line":52,"column":61}},"5":{"start":{"line":59,"column":8},"end":{"line":59,"column":1755}},"6":{"start":{"line":61,"column":13},"end":{"line":61,"column":48}},"7":{"start":{"line":68,"column":8},"end":{"line":68,"column":49}},"8":{"start":{"line":75,"column":8},"end":{"line":75,"column":25}},"9":{"start":{"line":83,"column":8},"end":{"line":83,"column":23}}},"branchMap":{"1":{"line":50,"type":"if","locations":[{"start":{"line":50,"column":8},"end":{"line":50,"column":8}},{"start":{"line":50,"column":8},"end":{"line":50,"column":8}}]}}}}